<?xml version="1.0" encoding="UTF-8"?>
<testsuite xmlns:xsi="http://www.w3.org/2001/XMLSchema-instance" xsi:noNamespaceSchemaLocation="https://maven.apache.org/surefire/maven-surefire-plugin/xsd/surefire-test-report.xsd" name="com.vtiger.runner.TestRunner" time="87.802" tests="4" errors="2" skipped="2" failures="0">
  <properties>
    <property name="sun.desktop" value="windows"/>
    <property name="awt.toolkit" value="sun.awt.windows.WToolkit"/>
    <property name="file.encoding.pkg" value="sun.io"/>
    <property name="java.specification.version" value="1.8"/>
    <property name="sun.cpu.isalist" value="amd64"/>
    <property name="sun.jnu.encoding" value="Cp1252"/>
    <property name="java.class.path" value="C:\SELENIUM\Selenium_software\Selenium Weekdays batch feb 2020\CucumberFramework\target\test-classes;C:\SELENIUM\Selenium_software\Selenium Weekdays batch feb 2020\CucumberFramework\target\classes;C:\Users\Windows-7\.m2\repository\dom4j\dom4j\1.6.1\dom4j-1.6.1.jar;C:\Users\Windows-7\.m2\repository\xml-apis\xml-apis\1.0.b2\xml-apis-1.0.b2.jar;C:\Users\Windows-7\.m2\repository\commons-io\commons-io\2.4\commons-io-2.4.jar;C:\Users\Windows-7\.m2\repository\org\apache\xmlbeans\xmlbeans\2.4.0\xmlbeans-2.4.0.jar;C:\Users\Windows-7\.m2\repository\stax\stax-api\1.0.1\stax-api-1.0.1.jar;C:\Users\Windows-7\.m2\repository\org\apache\poi\poi-ooxml\3.15\poi-ooxml-3.15.jar;C:\Users\Windows-7\.m2\repository\org\apache\poi\poi-ooxml-schemas\3.15\poi-ooxml-schemas-3.15.jar;C:\Users\Windows-7\.m2\repository\com\github\virtuald\curvesapi\1.04\curvesapi-1.04.jar;C:\Users\Windows-7\.m2\repository\org\apache\poi\poi\3.15\poi-3.15.jar;C:\Users\Windows-7\.m2\repository\commons-codec\commons-codec\1.10\commons-codec-1.10.jar;C:\Users\Windows-7\.m2\repository\org\apache\commons\commons-collections4\4.1\commons-collections4-4.1.jar;C:\Users\Windows-7\.m2\repository\junit\junit\4.12\junit-4.12.jar;C:\Users\Windows-7\.m2\repository\org\hamcrest\hamcrest-core\1.3\hamcrest-core-1.3.jar;C:\Users\Windows-7\.m2\repository\org\seleniumhq\selenium\selenium-java\3.12.0\selenium-java-3.12.0.jar;C:\Users\Windows-7\.m2\repository\org\seleniumhq\selenium\selenium-api\3.12.0\selenium-api-3.12.0.jar;C:\Users\Windows-7\.m2\repository\org\seleniumhq\selenium\selenium-chrome-driver\3.12.0\selenium-chrome-driver-3.12.0.jar;C:\Users\Windows-7\.m2\repository\org\seleniumhq\selenium\selenium-edge-driver\3.12.0\selenium-edge-driver-3.12.0.jar;C:\Users\Windows-7\.m2\repository\org\seleniumhq\selenium\selenium-firefox-driver\3.12.0\selenium-firefox-driver-3.12.0.jar;C:\Users\Windows-7\.m2\repository\org\seleniumhq\selenium\selenium-ie-driver\3.12.0\selenium-ie-driver-3.12.0.jar;C:\Users\Windows-7\.m2\repository\org\seleniumhq\selenium\selenium-opera-driver\3.12.0\selenium-opera-driver-3.12.0.jar;C:\Users\Windows-7\.m2\repository\org\seleniumhq\selenium\selenium-remote-driver\3.12.0\selenium-remote-driver-3.12.0.jar;C:\Users\Windows-7\.m2\repository\org\seleniumhq\selenium\selenium-safari-driver\3.12.0\selenium-safari-driver-3.12.0.jar;C:\Users\Windows-7\.m2\repository\org\seleniumhq\selenium\selenium-support\3.12.0\selenium-support-3.12.0.jar;C:\Users\Windows-7\.m2\repository\net\bytebuddy\byte-buddy\1.8.3\byte-buddy-1.8.3.jar;C:\Users\Windows-7\.m2\repository\org\apache\commons\commons-exec\1.3\commons-exec-1.3.jar;C:\Users\Windows-7\.m2\repository\commons-logging\commons-logging\1.2\commons-logging-1.2.jar;C:\Users\Windows-7\.m2\repository\com\google\code\gson\gson\2.8.2\gson-2.8.2.jar;C:\Users\Windows-7\.m2\repository\com\google\guava\guava\23.6-jre\guava-23.6-jre.jar;C:\Users\Windows-7\.m2\repository\com\google\code\findbugs\jsr305\1.3.9\jsr305-1.3.9.jar;C:\Users\Windows-7\.m2\repository\org\checkerframework\checker-compat-qual\2.0.0\checker-compat-qual-2.0.0.jar;C:\Users\Windows-7\.m2\repository\com\google\errorprone\error_prone_annotations\2.1.3\error_prone_annotations-2.1.3.jar;C:\Users\Windows-7\.m2\repository\com\google\j2objc\j2objc-annotations\1.1\j2objc-annotations-1.1.jar;C:\Users\Windows-7\.m2\repository\org\codehaus\mojo\animal-sniffer-annotations\1.14\animal-sniffer-annotations-1.14.jar;C:\Users\Windows-7\.m2\repository\org\apache\httpcomponents\httpclient\4.5.3\httpclient-4.5.3.jar;C:\Users\Windows-7\.m2\repository\org\apache\httpcomponents\httpcore\4.4.6\httpcore-4.4.6.jar;C:\Users\Windows-7\.m2\repository\com\squareup\okhttp3\okhttp\3.9.1\okhttp-3.9.1.jar;C:\Users\Windows-7\.m2\repository\com\squareup\okio\okio\1.13.0\okio-1.13.0.jar;C:\Users\Windows-7\.m2\repository\info\cukes\cucumber-java\1.2.5\cucumber-java-1.2.5.jar;C:\Users\Windows-7\.m2\repository\info\cukes\cucumber-core\1.2.5\cucumber-core-1.2.5.jar;C:\Users\Windows-7\.m2\repository\info\cukes\cucumber-html\0.2.3\cucumber-html-0.2.3.jar;C:\Users\Windows-7\.m2\repository\info\cukes\gherkin\2.12.2\gherkin-2.12.2.jar;C:\Users\Windows-7\.m2\repository\info\cukes\cucumber-jvm-deps\1.0.5\cucumber-jvm-deps-1.0.5.jar;C:\Users\Windows-7\.m2\repository\info\cukes\cucumber-junit\1.2.5\cucumber-junit-1.2.5.jar;C:\Users\Windows-7\.m2\repository\com\vimalselvam\cucumber-extentsreport\3.0.2\cucumber-extentsreport-3.0.2.jar;C:\Users\Windows-7\.m2\repository\com\relevantcodes\extentreports\2.05\extentreports-2.05.jar;"/>
    <property name="java.vm.vendor" value="Oracle Corporation"/>
    <property name="sun.arch.data.model" value="64"/>
    <property name="user.variant" value=""/>
    <property name="java.vendor.url" value="http://java.oracle.com/"/>
    <property name="user.timezone" value=""/>
    <property name="java.vm.specification.version" value="1.8"/>
    <property name="os.name" value="Windows 7"/>
    <property name="user.country" value="US"/>
    <property name="sun.java.launcher" value="SUN_STANDARD"/>
    <property name="sun.boot.library.path" value="C:\Program Files\Java\jdk1.8.0_241\jre\bin"/>
    <property name="sun.java.command" value="C:\Users\WINDOW~1\AppData\Local\Temp\surefire1630350403454155683\surefirebooter1232933346593739658.jar C:\Users\Windows-7\AppData\Local\Temp\surefire1630350403454155683 2020-05-28T22-34-56_744-jvmRun1 surefire8692324337698762719tmp surefire_07740870196788080610tmp"/>
    <property name="surefire.test.class.path" value="C:\SELENIUM\Selenium_software\Selenium Weekdays batch feb 2020\CucumberFramework\target\test-classes;C:\SELENIUM\Selenium_software\Selenium Weekdays batch feb 2020\CucumberFramework\target\classes;C:\Users\Windows-7\.m2\repository\dom4j\dom4j\1.6.1\dom4j-1.6.1.jar;C:\Users\Windows-7\.m2\repository\xml-apis\xml-apis\1.0.b2\xml-apis-1.0.b2.jar;C:\Users\Windows-7\.m2\repository\commons-io\commons-io\2.4\commons-io-2.4.jar;C:\Users\Windows-7\.m2\repository\org\apache\xmlbeans\xmlbeans\2.4.0\xmlbeans-2.4.0.jar;C:\Users\Windows-7\.m2\repository\stax\stax-api\1.0.1\stax-api-1.0.1.jar;C:\Users\Windows-7\.m2\repository\org\apache\poi\poi-ooxml\3.15\poi-ooxml-3.15.jar;C:\Users\Windows-7\.m2\repository\org\apache\poi\poi-ooxml-schemas\3.15\poi-ooxml-schemas-3.15.jar;C:\Users\Windows-7\.m2\repository\com\github\virtuald\curvesapi\1.04\curvesapi-1.04.jar;C:\Users\Windows-7\.m2\repository\org\apache\poi\poi\3.15\poi-3.15.jar;C:\Users\Windows-7\.m2\repository\commons-codec\commons-codec\1.10\commons-codec-1.10.jar;C:\Users\Windows-7\.m2\repository\org\apache\commons\commons-collections4\4.1\commons-collections4-4.1.jar;C:\Users\Windows-7\.m2\repository\junit\junit\4.12\junit-4.12.jar;C:\Users\Windows-7\.m2\repository\org\hamcrest\hamcrest-core\1.3\hamcrest-core-1.3.jar;C:\Users\Windows-7\.m2\repository\org\seleniumhq\selenium\selenium-java\3.12.0\selenium-java-3.12.0.jar;C:\Users\Windows-7\.m2\repository\org\seleniumhq\selenium\selenium-api\3.12.0\selenium-api-3.12.0.jar;C:\Users\Windows-7\.m2\repository\org\seleniumhq\selenium\selenium-chrome-driver\3.12.0\selenium-chrome-driver-3.12.0.jar;C:\Users\Windows-7\.m2\repository\org\seleniumhq\selenium\selenium-edge-driver\3.12.0\selenium-edge-driver-3.12.0.jar;C:\Users\Windows-7\.m2\repository\org\seleniumhq\selenium\selenium-firefox-driver\3.12.0\selenium-firefox-driver-3.12.0.jar;C:\Users\Windows-7\.m2\repository\org\seleniumhq\selenium\selenium-ie-driver\3.12.0\selenium-ie-driver-3.12.0.jar;C:\Users\Windows-7\.m2\repository\org\seleniumhq\selenium\selenium-opera-driver\3.12.0\selenium-opera-driver-3.12.0.jar;C:\Users\Windows-7\.m2\repository\org\seleniumhq\selenium\selenium-remote-driver\3.12.0\selenium-remote-driver-3.12.0.jar;C:\Users\Windows-7\.m2\repository\org\seleniumhq\selenium\selenium-safari-driver\3.12.0\selenium-safari-driver-3.12.0.jar;C:\Users\Windows-7\.m2\repository\org\seleniumhq\selenium\selenium-support\3.12.0\selenium-support-3.12.0.jar;C:\Users\Windows-7\.m2\repository\net\bytebuddy\byte-buddy\1.8.3\byte-buddy-1.8.3.jar;C:\Users\Windows-7\.m2\repository\org\apache\commons\commons-exec\1.3\commons-exec-1.3.jar;C:\Users\Windows-7\.m2\repository\commons-logging\commons-logging\1.2\commons-logging-1.2.jar;C:\Users\Windows-7\.m2\repository\com\google\code\gson\gson\2.8.2\gson-2.8.2.jar;C:\Users\Windows-7\.m2\repository\com\google\guava\guava\23.6-jre\guava-23.6-jre.jar;C:\Users\Windows-7\.m2\repository\com\google\code\findbugs\jsr305\1.3.9\jsr305-1.3.9.jar;C:\Users\Windows-7\.m2\repository\org\checkerframework\checker-compat-qual\2.0.0\checker-compat-qual-2.0.0.jar;C:\Users\Windows-7\.m2\repository\com\google\errorprone\error_prone_annotations\2.1.3\error_prone_annotations-2.1.3.jar;C:\Users\Windows-7\.m2\repository\com\google\j2objc\j2objc-annotations\1.1\j2objc-annotations-1.1.jar;C:\Users\Windows-7\.m2\repository\org\codehaus\mojo\animal-sniffer-annotations\1.14\animal-sniffer-annotations-1.14.jar;C:\Users\Windows-7\.m2\repository\org\apache\httpcomponents\httpclient\4.5.3\httpclient-4.5.3.jar;C:\Users\Windows-7\.m2\repository\org\apache\httpcomponents\httpcore\4.4.6\httpcore-4.4.6.jar;C:\Users\Windows-7\.m2\repository\com\squareup\okhttp3\okhttp\3.9.1\okhttp-3.9.1.jar;C:\Users\Windows-7\.m2\repository\com\squareup\okio\okio\1.13.0\okio-1.13.0.jar;C:\Users\Windows-7\.m2\repository\info\cukes\cucumber-java\1.2.5\cucumber-java-1.2.5.jar;C:\Users\Windows-7\.m2\repository\info\cukes\cucumber-core\1.2.5\cucumber-core-1.2.5.jar;C:\Users\Windows-7\.m2\repository\info\cukes\cucumber-html\0.2.3\cucumber-html-0.2.3.jar;C:\Users\Windows-7\.m2\repository\info\cukes\gherkin\2.12.2\gherkin-2.12.2.jar;C:\Users\Windows-7\.m2\repository\info\cukes\cucumber-jvm-deps\1.0.5\cucumber-jvm-deps-1.0.5.jar;C:\Users\Windows-7\.m2\repository\info\cukes\cucumber-junit\1.2.5\cucumber-junit-1.2.5.jar;C:\Users\Windows-7\.m2\repository\com\vimalselvam\cucumber-extentsreport\3.0.2\cucumber-extentsreport-3.0.2.jar;C:\Users\Windows-7\.m2\repository\com\relevantcodes\extentreports\2.05\extentreports-2.05.jar;"/>
    <property name="sun.cpu.endian" value="little"/>
    <property name="user.home" value="C:\Users\Windows-7"/>
    <property name="user.language" value="en"/>
    <property name="java.specification.vendor" value="Oracle Corporation"/>
    <property name="java.home" value="C:\Program Files\Java\jdk1.8.0_241\jre"/>
    <property name="basedir" value="C:\SELENIUM\Selenium_software\Selenium Weekdays batch feb 2020\CucumberFramework"/>
    <property name="file.separator" value="\"/>
    <property name="line.separator" value="&#10;"/>
    <property name="java.vm.specification.vendor" value="Oracle Corporation"/>
    <property name="java.specification.name" value="Java Platform API Specification"/>
    <property name="java.awt.graphicsenv" value="sun.awt.Win32GraphicsEnvironment"/>
    <property name="surefire.real.class.path" value="C:\Users\WINDOW~1\AppData\Local\Temp\surefire1630350403454155683\surefirebooter1232933346593739658.jar"/>
    <property name="sun.boot.class.path" value="C:\Program Files\Java\jdk1.8.0_241\jre\lib\resources.jar;C:\Program Files\Java\jdk1.8.0_241\jre\lib\rt.jar;C:\Program Files\Java\jdk1.8.0_241\jre\lib\sunrsasign.jar;C:\Program Files\Java\jdk1.8.0_241\jre\lib\jsse.jar;C:\Program Files\Java\jdk1.8.0_241\jre\lib\jce.jar;C:\Program Files\Java\jdk1.8.0_241\jre\lib\charsets.jar;C:\Program Files\Java\jdk1.8.0_241\jre\lib\jfr.jar;C:\Program Files\Java\jdk1.8.0_241\jre\classes"/>
    <property name="user.script" value=""/>
    <property name="sun.management.compiler" value="HotSpot 64-Bit Tiered Compilers"/>
    <property name="java.runtime.version" value="1.8.0_241-b07"/>
    <property name="user.name" value="Windows-7"/>
    <property name="path.separator" value=";"/>
    <property name="os.version" value="6.1"/>
    <property name="java.endorsed.dirs" value="C:\Program Files\Java\jdk1.8.0_241\jre\lib\endorsed"/>
    <property name="java.runtime.name" value="Java(TM) SE Runtime Environment"/>
    <property name="file.encoding" value="Cp1252"/>
    <property name="java.vm.name" value="Java HotSpot(TM) 64-Bit Server VM"/>
    <property name="localRepository" value="C:\Users\Windows-7\.m2\repository"/>
    <property name="java.vendor.url.bug" value="http://bugreport.sun.com/bugreport/"/>
    <property name="java.io.tmpdir" value="C:\Users\WINDOW~1\AppData\Local\Temp\"/>
    <property name="java.version" value="1.8.0_241"/>
    <property name="user.dir" value="C:\SELENIUM\Selenium_software\Selenium Weekdays batch feb 2020\CucumberFramework"/>
    <property name="os.arch" value="amd64"/>
    <property name="java.vm.specification.name" value="Java Virtual Machine Specification"/>
    <property name="java.awt.printerjob" value="sun.awt.windows.WPrinterJob"/>
    <property name="sun.os.patch.level" value=""/>
    <property name="java.library.path" value="C:\Program Files\Java\jdk1.8.0_241\jre\bin;C:\Windows\Sun\Java\bin;C:\Windows\system32;C:\Windows;C:\Program Files (x86)\Common Files\Oracle\Java\javapath\;%JAVA_HOME%\bin;%JRE_HOME%\bin;C:\SELENIUM\Selenium_software\apache-maven-3.6.1-bin\apache-maven-3.6.1\bin;%MAVEN_HOME%\bin;C:\Program Files\nodejs\;C:\Users\Windows-7\AppData\Roaming\npm;."/>
    <property name="java.vm.info" value="mixed mode"/>
    <property name="java.vendor" value="Oracle Corporation"/>
    <property name="java.vm.version" value="25.241-b07"/>
    <property name="java.ext.dirs" value="C:\Program Files\Java\jdk1.8.0_241\jre\lib\ext;C:\Windows\Sun\Java\lib\ext"/>
    <property name="sun.io.unicode.encoding" value="UnicodeLittle"/>
    <property name="java.class.version" value="52.0"/>
  </properties>
  <testcase name="Given User should be on login page" classname="Scenario: Verify logo" time="0.055">
    <error message="session not created: This version of ChromeDriver only supports Chrome version 81&#10;Build info: version: &apos;3.12.0&apos;, revision: &apos;7c6e0b3&apos;, time: &apos;2018-05-08T14:04:26.12Z&apos;&#10;System info: host: &apos;WINDOWS-7-PC&apos;, ip: &apos;127.0.0.1&apos;, os.name: &apos;Windows 7&apos;, os.arch: &apos;amd64&apos;, os.version: &apos;6.1&apos;, java.version: &apos;1.8.0_241&apos;&#10;Driver info: driver.version: ChromeDriver&#10;remote stacktrace: Backtrace:&#10;	Ordinal0 [0x00435F73+2449267]&#10;	Ordinal0 [0x00368361+1606497]&#10;	Ordinal0 [0x0025F969+522601]&#10;	Ordinal0 [0x001F05F3+67059]&#10;	Ordinal0 [0x001ECD92+52626]&#10;	Ordinal0 [0x0020C127+180519]&#10;	Ordinal0 [0x0020BF2D+180013]&#10;	Ordinal0 [0x00209E5B+171611]&#10;	Ordinal0 [0x001F1DD8+73176]&#10;	Ordinal0 [0x001F2E50+77392]&#10;	Ordinal0 [0x001F2DE9+77289]&#10;	Ordinal0 [0x0037D8D7+1693911]&#10;	GetHandleVerifier [0x004D4036+522726]&#10;	GetHandleVerifier [0x004D3D74+522020]&#10;	GetHandleVerifier [0x004E9187+609079]&#10;	GetHandleVerifier [0x004D48A6+524886]&#10;	Ordinal0 [0x00375CBC+1662140]&#10;	Ordinal0 [0x0037F23B+1700411]&#10;	Ordinal0 [0x0037F3A3+1700771]&#10;	Ordinal0 [0x00395215+1790485]&#10;	BaseThreadInitThunk [0x76063677+18]&#10;	RtlInitializeExceptionChain [0x77969D72+99]&#10;	RtlInitializeExceptionChain [0x77969D45+54]&#10;" type="org.openqa.selenium.SessionNotCreatedException">org.openqa.selenium.SessionNotCreatedException: 
session not created: This version of ChromeDriver only supports Chrome version 81
Build info: version: '3.12.0', revision: '7c6e0b3', time: '2018-05-08T14:04:26.12Z'
System info: host: 'WINDOWS-7-PC', ip: '127.0.0.1', os.name: 'Windows 7', os.arch: 'amd64', os.version: '6.1', java.version: '1.8.0_241'
Driver info: driver.version: ChromeDriver
remote stacktrace: Backtrace:
	Ordinal0 [0x00435F73+2449267]
	Ordinal0 [0x00368361+1606497]
	Ordinal0 [0x0025F969+522601]
	Ordinal0 [0x001F05F3+67059]
	Ordinal0 [0x001ECD92+52626]
	Ordinal0 [0x0020C127+180519]
	Ordinal0 [0x0020BF2D+180013]
	Ordinal0 [0x00209E5B+171611]
	Ordinal0 [0x001F1DD8+73176]
	Ordinal0 [0x001F2E50+77392]
	Ordinal0 [0x001F2DE9+77289]
	Ordinal0 [0x0037D8D7+1693911]
	GetHandleVerifier [0x004D4036+522726]
	GetHandleVerifier [0x004D3D74+522020]
	GetHandleVerifier [0x004E9187+609079]
	GetHandleVerifier [0x004D48A6+524886]
	Ordinal0 [0x00375CBC+1662140]
	Ordinal0 [0x0037F23B+1700411]
	Ordinal0 [0x0037F3A3+1700771]
	Ordinal0 [0x00395215+1790485]
	BaseThreadInitThunk [0x76063677+18]
	RtlInitializeExceptionChain [0x77969D72+99]
	RtlInitializeExceptionChain [0x77969D45+54]

</error>
    <system-out><![CDATA[Feature: Valid all functionality on login page
]]></system-out>
    <system-err><![CDATA[Starting ChromeDriver 81.0.4044.69 (6813546031a4bc83f717a2ef7cd4ac6ec1199132-refs/branch-heads/4044@{#776}) on port 3439
Only local connections are allowed.
Please protect ports used by ChromeDriver and related test frameworks to prevent access by malicious code.
]]></system-err>
  </testcase>
  <testcase name="Scenario: Verify logo" classname="Scenario: Verify logo" time="0.06">
    <error message="session not created: This version of ChromeDriver only supports Chrome version 81&#10;Build info: version: &apos;3.12.0&apos;, revision: &apos;7c6e0b3&apos;, time: &apos;2018-05-08T14:04:26.12Z&apos;&#10;System info: host: &apos;WINDOWS-7-PC&apos;, ip: &apos;127.0.0.1&apos;, os.name: &apos;Windows 7&apos;, os.arch: &apos;amd64&apos;, os.version: &apos;6.1&apos;, java.version: &apos;1.8.0_241&apos;&#10;Driver info: driver.version: ChromeDriver&#10;remote stacktrace: Backtrace:&#10;	Ordinal0 [0x00435F73+2449267]&#10;	Ordinal0 [0x00368361+1606497]&#10;	Ordinal0 [0x0025F969+522601]&#10;	Ordinal0 [0x001F05F3+67059]&#10;	Ordinal0 [0x001ECD92+52626]&#10;	Ordinal0 [0x0020C127+180519]&#10;	Ordinal0 [0x0020BF2D+180013]&#10;	Ordinal0 [0x00209E5B+171611]&#10;	Ordinal0 [0x001F1DD8+73176]&#10;	Ordinal0 [0x001F2E50+77392]&#10;	Ordinal0 [0x001F2DE9+77289]&#10;	Ordinal0 [0x0037D8D7+1693911]&#10;	GetHandleVerifier [0x004D4036+522726]&#10;	GetHandleVerifier [0x004D3D74+522020]&#10;	GetHandleVerifier [0x004E9187+609079]&#10;	GetHandleVerifier [0x004D48A6+524886]&#10;	Ordinal0 [0x00375CBC+1662140]&#10;	Ordinal0 [0x0037F23B+1700411]&#10;	Ordinal0 [0x0037F3A3+1700771]&#10;	Ordinal0 [0x00395215+1790485]&#10;	BaseThreadInitThunk [0x76063677+18]&#10;	RtlInitializeExceptionChain [0x77969D72+99]&#10;	RtlInitializeExceptionChain [0x77969D45+54]&#10;" type="org.openqa.selenium.SessionNotCreatedException">org.openqa.selenium.SessionNotCreatedException: 
session not created: This version of ChromeDriver only supports Chrome version 81
Build info: version: '3.12.0', revision: '7c6e0b3', time: '2018-05-08T14:04:26.12Z'
System info: host: 'WINDOWS-7-PC', ip: '127.0.0.1', os.name: 'Windows 7', os.arch: 'amd64', os.version: '6.1', java.version: '1.8.0_241'
Driver info: driver.version: ChromeDriver
remote stacktrace: Backtrace:
	Ordinal0 [0x00435F73+2449267]
	Ordinal0 [0x00368361+1606497]
	Ordinal0 [0x0025F969+522601]
	Ordinal0 [0x001F05F3+67059]
	Ordinal0 [0x001ECD92+52626]
	Ordinal0 [0x0020C127+180519]
	Ordinal0 [0x0020BF2D+180013]
	Ordinal0 [0x00209E5B+171611]
	Ordinal0 [0x001F1DD8+73176]
	Ordinal0 [0x001F2E50+77392]
	Ordinal0 [0x001F2DE9+77289]
	Ordinal0 [0x0037D8D7+1693911]
	GetHandleVerifier [0x004D4036+522726]
	GetHandleVerifier [0x004D3D74+522020]
	GetHandleVerifier [0x004E9187+609079]
	GetHandleVerifier [0x004D48A6+524886]
	Ordinal0 [0x00375CBC+1662140]
	Ordinal0 [0x0037F23B+1700411]
	Ordinal0 [0x0037F3A3+1700771]
	Ordinal0 [0x00395215+1790485]
	BaseThreadInitThunk [0x76063677+18]
	RtlInitializeExceptionChain [0x77969D72+99]
	RtlInitializeExceptionChain [0x77969D45+54]

</error>
  </testcase>
  <testcase name="Then logo should be displayed" classname="Scenario: Verify logo" time="0">
    <skipped/>
  </testcase>
  <testcase name="And close application" classname="Scenario: Verify logo" time="0">
    <skipped/>
  </testcase>
</testsuite>